{
  "query_block": {
    "select_id": 1,
    "cost_info": {
      "query_cost": "1061615.57"
    },
    "ordering_operation": {
      "using_filesort": false,
      "grouping_operation": {
        "using_temporary_table": true,
        "using_filesort": true,
        "cost_info": {
          "sort_cost": "16332.36"
        },
        "nested_loop": [
          {
            "table": {
              "table_name": "region",
              "access_type": "ALL",
              "possible_keys": [
                "PRIMARY"
              ],
              "rows_examined_per_scan": 5,
              "rows_produced_per_join": 1,
              "filtered": "20.00",
              "cost_info": {
                "read_cost": "1.80",
                "eval_cost": "0.20",
                "prefix_cost": "2.00",
                "data_read_per_join": "184"
              },
              "used_columns": [
                "R_REGIONKEY",
                "R_NAME"
              ],
              "attached_condition": "(`tpch`.`region`.`R_NAME` = 'ASIA')"
            }
          },
          {
            "table": {
              "table_name": "n1",
              "access_type": "ref",
              "possible_keys": [
                "PRIMARY",
                "NATION_FK1"
              ],
              "key": "NATION_FK1",
              "used_key_parts": [
                "N_REGIONKEY"
              ],
              "key_length": "4",
              "ref": [
                "tpch.region.R_REGIONKEY"
              ],
              "rows_examined_per_scan": 5,
              "rows_produced_per_join": 5,
              "filtered": "100.00",
              "using_index": true,
              "cost_info": {
                "read_cost": "1.00",
                "eval_cost": "1.00",
                "prefix_cost": "4.00",
                "data_read_per_join": "960"
              },
              "used_columns": [
                "N_NATIONKEY",
                "N_REGIONKEY"
              ]
            }
          },
          {
            "table": {
              "table_name": "orders",
              "access_type": "ALL",
              "possible_keys": [
                "PRIMARY",
                "ORDERS_FK1"
              ],
              "rows_examined_per_scan": 1492060,
              "rows_produced_per_join": 828839,
              "filtered": "11.11",
              "using_join_buffer": "Block Nested Loop",
              "cost_info": {
                "read_cost": "277466.10",
                "eval_cost": "165767.87",
                "prefix_cost": "443237.98",
                "data_read_per_join": "107M"
              },
              "used_columns": [
                "O_ORDERKEY",
                "O_CUSTKEY",
                "O_ORDERDATE"
              ],
              "attached_condition": "(`tpch`.`orders`.`O_ORDERDATE` between DATE'1995-01-01' and DATE'1996-12-31')"
            }
          },
          {
            "table": {
              "table_name": "customer",
              "access_type": "eq_ref",
              "possible_keys": [
                "PRIMARY",
                "CUSTOMER_FK1"
              ],
              "key": "PRIMARY",
              "used_key_parts": [
                "C_CUSTKEY"
              ],
              "key_length": "4",
              "ref": [
                "tpch.orders.O_CUSTKEY"
              ],
              "rows_examined_per_scan": 1,
              "rows_produced_per_join": 41441,
              "filtered": "5.00",
              "cost_info": {
                "read_cost": "165767.87",
                "eval_cost": "8288.39",
                "prefix_cost": "774773.72",
                "data_read_per_join": "9M"
              },
              "used_columns": [
                "C_CUSTKEY",
                "C_NATIONKEY"
              ],
              "attached_condition": "(`tpch`.`customer`.`C_NATIONKEY` = `tpch`.`n1`.`N_NATIONKEY`)"
            }
          },
          {
            "table": {
              "table_name": "lineitem",
              "access_type": "ref",
              "possible_keys": [
                "PRIMARY",
                "LINEITEM_FK2"
              ],
              "key": "PRIMARY",
              "used_key_parts": [
                "L_ORDERKEY"
              ],
              "key_length": "4",
              "ref": [
                "tpch.orders.O_ORDERKEY"
              ],
              "rows_examined_per_scan": 3,
              "rows_produced_per_join": 163323,
              "filtered": "100.00",
              "cost_info": {
                "read_cost": "41856.48",
                "eval_cost": "32664.72",
                "prefix_cost": "849294.92",
                "data_read_per_join": "21M"
              },
              "used_columns": [
                "L_ORDERKEY",
                "L_PARTKEY",
                "L_SUPPKEY",
                "L_LINENUMBER",
                "L_EXTENDEDPRICE",
                "L_DISCOUNT"
              ]
            }
          },
          {
            "table": {
              "table_name": "supplier",
              "access_type": "eq_ref",
              "possible_keys": [
                "PRIMARY",
                "SUPPLIER_FK1"
              ],
              "key": "PRIMARY",
              "used_key_parts": [
                "S_SUPPKEY"
              ],
              "key_length": "4",
              "ref": [
                "tpch.lineitem.L_SUPPKEY"
              ],
              "rows_examined_per_scan": 1,
              "rows_produced_per_join": 163323,
              "filtered": "100.00",
              "cost_info": {
                "read_cost": "32664.72",
                "eval_cost": "32664.72",
                "prefix_cost": "914624.35",
                "data_read_per_join": "31M"
              },
              "used_columns": [
                "S_SUPPKEY",
                "S_NATIONKEY"
              ]
            }
          },
          {
            "table": {
              "table_name": "n2",
              "access_type": "eq_ref",
              "possible_keys": [
                "PRIMARY"
              ],
              "key": "PRIMARY",
              "used_key_parts": [
                "N_NATIONKEY"
              ],
              "key_length": "4",
              "ref": [
                "tpch.supplier.S_NATIONKEY"
              ],
              "rows_examined_per_scan": 1,
              "rows_produced_per_join": 163323,
              "filtered": "100.00",
              "cost_info": {
                "read_cost": "32664.72",
                "eval_cost": "32664.72",
                "prefix_cost": "979953.78",
                "data_read_per_join": "29M"
              },
              "used_columns": [
                "N_NATIONKEY",
                "N_NAME"
              ]
            }
          },
          {
            "table": {
              "table_name": "part",
              "access_type": "eq_ref",
              "possible_keys": [
                "PRIMARY"
              ],
              "key": "PRIMARY",
              "used_key_parts": [
                "P_PARTKEY"
              ],
              "key_length": "4",
              "ref": [
                "tpch.lineitem.L_PARTKEY"
              ],
              "rows_examined_per_scan": 1,
              "rows_produced_per_join": 16332,
              "filtered": "10.00",
              "cost_info": {
                "read_cost": "32664.72",
                "eval_cost": "3266.47",
                "prefix_cost": "1045283.21",
                "data_read_per_join": "2M"
              },
              "used_columns": [
                "P_PARTKEY",
                "P_TYPE"
              ],
              "attached_condition": "(`tpch`.`part`.`P_TYPE` = 'STANDARD BURNISHED NICKEL')"
            }
          }
        ]
      }
    }
  }
}