{
  "query_block": {
    "select_id": 1,
    "cost_info": {
      "query_cost": "1875259.05"
    },
    "ordering_operation": {
      "using_filesort": false,
      "grouping_operation": {
        "using_temporary_table": true,
        "using_filesort": true,
        "nested_loop": [
          {
            "table": {
              "table_name": "part",
              "access_type": "ALL",
              "possible_keys": [
                "PRIMARY"
              ],
              "rows_examined_per_scan": 198348,
              "rows_produced_per_join": 22036,
              "filtered": "11.11",
              "cost_info": {
                "read_cost": "37282.31",
                "eval_cost": "4407.29",
                "prefix_cost": "41689.60",
                "data_read_per_join": "3M"
              },
              "used_columns": [
                "P_PARTKEY",
                "P_NAME"
              ],
              "attached_condition": "(`tpch`.`part`.`P_NAME` like '%azure%')"
            }
          },
          {
            "table": {
              "table_name": "partsupp",
              "access_type": "ref",
              "possible_keys": [
                "PRIMARY",
                "PARTSUPP_FK1"
              ],
              "key": "PRIMARY",
              "used_key_parts": [
                "PS_PARTKEY"
              ],
              "key_length": "4",
              "ref": [
                "tpch.part.P_PARTKEY"
              ],
              "rows_examined_per_scan": 4,
              "rows_produced_per_join": 92032,
              "filtered": "100.00",
              "cost_info": {
                "read_cost": "22156.90",
                "eval_cost": "18406.60",
                "prefix_cost": "82253.10",
                "data_read_per_join": "19M"
              },
              "used_columns": [
                "PS_PARTKEY",
                "PS_SUPPKEY",
                "PS_SUPPLYCOST"
              ]
            }
          },
          {
            "table": {
              "table_name": "supplier",
              "access_type": "eq_ref",
              "possible_keys": [
                "PRIMARY",
                "SUPPLIER_FK1"
              ],
              "key": "PRIMARY",
              "used_key_parts": [
                "S_SUPPKEY"
              ],
              "key_length": "4",
              "ref": [
                "tpch.partsupp.PS_SUPPKEY"
              ],
              "rows_examined_per_scan": 1,
              "rows_produced_per_join": 92032,
              "filtered": "100.00",
              "cost_info": {
                "read_cost": "92032.98",
                "eval_cost": "18406.60",
                "prefix_cost": "192692.68",
                "data_read_per_join": "17M"
              },
              "used_columns": [
                "S_SUPPKEY",
                "S_NATIONKEY"
              ]
            }
          },
          {
            "table": {
              "table_name": "nation",
              "access_type": "eq_ref",
              "possible_keys": [
                "PRIMARY"
              ],
              "key": "PRIMARY",
              "used_key_parts": [
                "N_NATIONKEY"
              ],
              "key_length": "4",
              "ref": [
                "tpch.supplier.S_NATIONKEY"
              ],
              "rows_examined_per_scan": 1,
              "rows_produced_per_join": 92032,
              "filtered": "100.00",
              "cost_info": {
                "read_cost": "92032.98",
                "eval_cost": "18406.60",
                "prefix_cost": "303132.26",
                "data_read_per_join": "16M"
              },
              "used_columns": [
                "N_NATIONKEY",
                "N_NAME"
              ]
            }
          },
          {
            "table": {
              "table_name": "lineitem",
              "access_type": "ref",
              "possible_keys": [
                "PRIMARY",
                "LINEITEM_FK2"
              ],
              "key": "LINEITEM_FK2",
              "used_key_parts": [
                "L_PARTKEY",
                "L_SUPPKEY"
              ],
              "key_length": "8",
              "ref": [
                "tpch.part.P_PARTKEY",
                "tpch.partsupp.PS_SUPPKEY"
              ],
              "rows_examined_per_scan": 7,
              "rows_produced_per_join": 655052,
              "filtered": "100.00",
              "cost_info": {
                "read_cost": "655052.83",
                "eval_cost": "131010.57",
                "prefix_cost": "1089195.66",
                "data_read_per_join": "84M"
              },
              "used_columns": [
                "L_ORDERKEY",
                "L_PARTKEY",
                "L_SUPPKEY",
                "L_LINENUMBER",
                "L_QUANTITY",
                "L_EXTENDEDPRICE",
                "L_DISCOUNT"
              ]
            }
          },
          {
            "table": {
              "table_name": "orders",
              "access_type": "eq_ref",
              "possible_keys": [
                "PRIMARY"
              ],
              "key": "PRIMARY",
              "used_key_parts": [
                "O_ORDERKEY"
              ],
              "key_length": "4",
              "ref": [
                "tpch.lineitem.L_ORDERKEY"
              ],
              "rows_examined_per_scan": 1,
              "rows_produced_per_join": 655052,
              "filtered": "100.00",
              "cost_info": {
                "read_cost": "655052.83",
                "eval_cost": "131010.57",
                "prefix_cost": "1875259.05",
                "data_read_per_join": "84M"
              },
              "used_columns": [
                "O_ORDERKEY",
                "O_ORDERDATE"
              ]
            }
          }
        ]
      }
    }
  }
}